# JRE version: Java(TM) SE Runtime Environment (8.0_191-b12) (build 1.8.0_191-b12)
# Java VM: Java HotSpot(TM) 64-Bit Server VM (25.191-b12 mixed mode bsd-amd64 compressed oops)
Heap:
 PSYoungGen      total 1212928K, used 144025K [0x000000076ab00000, 0x00000007c0000000, 0x00000007c0000000)
  eden space 1145856K, 6% used [0x000000076ab00000,0x000000076f62d840,0x00000007b0a00000)
  from space 67072K, 99% used [0x00000007b7e00000,0x00000007bbf78f48,0x00000007bbf80000)
  to   space 118784K, 0% used [0x00000007b0a00000,0x00000007b0a00000,0x00000007b7e00000)
 ParOldGen       total 417280K, used 297712K [0x00000006c0000000, 0x00000006d9780000, 0x000000076ab00000)
  object space 417280K, 71% used [0x00000006c0000000,0x00000006d22bc0c0,0x00000006d9780000)
 Metaspace       used 90987K, capacity 92886K, committed 93224K, reserved 1130496K
  class space    used 11507K, capacity 12044K, committed 12080K, reserved 1048576K
GC Heap History (10 events):
Event: 20.673 GC heap before
{Heap before GC invocations=15 (full 2):
 PSYoungGen      total 899584K, used 217213K [0x000000076ab00000, 0x00000007a6f80000, 0x00000007c0000000)
  eden space 839168K, 20% used [0x000000076ab00000,0x0000000775237288,0x000000079de80000)
  from space 60416K, 76% used [0x00000007a3480000,0x00000007a6168270,0x00000007a6f80000)
  to   space 74240K, 0% used [0x000000079de80000,0x000000079de80000,0x00000007a2700000)
 ParOldGen       total 327168K, used 162049K [0x00000006c0000000, 0x00000006d3f80000, 0x000000076ab00000)
  object space 327168K, 49% used [0x00000006c0000000,0x00000006c9e407c0,0x00000006d3f80000)
 Metaspace       used 57655K, capacity 59000K, committed 59160K, reserved 1101824K
  class space    used 7104K, capacity 7546K, committed 7600K, reserved 1048576K
Event: 20.697 GC heap after
Heap after GC invocations=15 (full 2):
 PSYoungGen      total 913408K, used 31667K [0x000000076ab00000, 0x00000007b2a80000, 0x00000007c0000000)
  eden space 839168K, 0% used [0x000000076ab00000,0x000000076ab00000,0x000000079de80000)
  from space 74240K, 42% used [0x000000079de80000,0x000000079fd6cd38,0x00000007a2700000)
  to   space 70656K, 0% used [0x00000007ae580000,0x00000007ae580000,0x00000007b2a80000)
 ParOldGen       total 327168K, used 162121K [0x00000006c0000000, 0x00000006d3f80000, 0x000000076ab00000)
  object space 327168K, 49% used [0x00000006c0000000,0x00000006c9e527d0,0x00000006d3f80000)
 Metaspace       used 57655K, capacity 59000K, committed 59160K, reserved 1101824K
  class space    used 7104K, capacity 7546K, committed 7600K, reserved 1048576K
}
Event: 20.697 GC heap before
{Heap before GC invocations=16 (full 3):
 PSYoungGen      total 913408K, used 31667K [0x000000076ab00000, 0x00000007b2a80000, 0x00000007c0000000)
  eden space 839168K, 0% used [0x000000076ab00000,0x000000076ab00000,0x000000079de80000)
  from space 74240K, 42% used [0x000000079de80000,0x000000079fd6cd38,0x00000007a2700000)
  to   space 70656K, 0% used [0x00000007ae580000,0x00000007ae580000,0x00000007b2a80000)
 ParOldGen       total 327168K, used 162121K [0x00000006c0000000, 0x00000006d3f80000, 0x000000076ab00000)
  object space 327168K, 49% used [0x00000006c0000000,0x00000006c9e527d0,0x00000006d3f80000)
 Metaspace       used 57655K, capacity 59000K, committed 59160K, reserved 1101824K
  class space    used 7104K, capacity 7546K, committed 7600K, reserved 1048576K
Event: 21.141 GC heap after
Heap after GC invocations=16 (full 3):
 PSYoungGen      total 913408K, used 0K [0x000000076ab00000, 0x00000007b2a80000, 0x00000007c0000000)
  eden space 839168K, 0% used [0x000000076ab00000,0x000000076ab00000,0x000000079de80000)
  from space 74240K, 0% used [0x000000079de80000,0x000000079de80000,0x00000007a2700000)
  to   space 70656K, 0% used [0x00000007ae580000,0x00000007ae580000,0x00000007b2a80000)
 ParOldGen       total 417280K, used 184967K [0x00000006c0000000, 0x00000006d9780000, 0x000000076ab00000)
  object space 417280K, 44% used [0x00000006c0000000,0x00000006cb4a1d60,0x00000006d9780000)
 Metaspace       used 57655K, capacity 59000K, committed 59160K, reserved 1101824K
  class space    used 7104K, capacity 7546K, committed 7600K, reserved 1048576K
}
Event: 24.511 GC heap before
{Heap before GC invocations=17 (full 3):
 PSYoungGen      total 913408K, used 839168K [0x000000076ab00000, 0x00000007b2a80000, 0x00000007c0000000)
  eden space 839168K, 100% used [0x000000076ab00000,0x000000079de80000,0x000000079de80000)
  from space 74240K, 0% used [0x000000079de80000,0x000000079de80000,0x00000007a2700000)
  to   space 70656K, 0% used [0x00000007ae580000,0x00000007ae580000,0x00000007b2a80000)
 ParOldGen       total 417280K, used 184967K [0x00000006c0000000, 0x00000006d9780000, 0x000000076ab00000)
  object space 417280K, 44% used [0x00000006c0000000,0x00000006cb4a1d60,0x00000006d9780000)
 Metaspace       used 69484K, capacity 71174K, committed 71336K, reserved 1112064K
  class space    used 8857K, capacity 9375K, committed 9392K, reserved 1048576K
Event: 24.550 GC heap after
Heap after GC invocations=17 (full 3):
 PSYoungGen      total 1035264K, used 31312K [0x000000076ab00000, 0x00000007b0480000, 0x00000007c0000000)
  eden space 1003520K, 0% used [0x000000076ab00000,0x000000076ab00000,0x00000007a7f00000)
  from space 31744K, 98% used [0x00000007ae580000,0x00000007b0414258,0x00000007b0480000)
  to   space 67072K, 0% used [0x00000007a8180000,0x00000007a8180000,0x00000007ac300000)
 ParOldGen       total 417280K, used 184975K [0x00000006c0000000, 0x00000006d9780000, 0x000000076ab00000)
  object space 417280K, 44% used [0x00000006c0000000,0x00000006cb4a3d60,0x00000006d9780000)
 Metaspace       used 69484K, capacity 71174K, committed 71336K, reserved 1112064K
  class space    used 8857K, capacity 9375K, committed 9392K, reserved 1048576K
}
Event: 27.706 GC heap before
{Heap before GC invocations=18 (full 3):
 PSYoungGen      total 1035264K, used 1034832K [0x000000076ab00000, 0x00000007b0480000, 0x00000007c0000000)
  eden space 1003520K, 100% used [0x000000076ab00000,0x00000007a7f00000,0x00000007a7f00000)
  from space 31744K, 98% used [0x00000007ae580000,0x00000007b0414258,0x00000007b0480000)
  to   space 67072K, 0% used [0x00000007a8180000,0x00000007a8180000,0x00000007ac300000)
 ParOldGen       total 417280K, used 184975K [0x00000006c0000000, 0x00000006d9780000, 0x000000076ab00000)
  object space 417280K, 44% used [0x00000006c0000000,0x00000006cb4a3d60,0x00000006d9780000)
 Metaspace       used 81777K, capacity 83474K, committed 83880K, reserved 1122304K
  class space    used 10332K, capacity 10851K, committed 10928K, reserved 1048576K
Event: 27.755 GC heap after
Heap after GC invocations=18 (full 3):
 PSYoungGen      total 1073152K, used 40427K [0x000000076ab00000, 0x00000007bbf80000, 0x00000007c0000000)
  eden space 1006080K, 0% used [0x000000076ab00000,0x000000076ab00000,0x00000007a8180000)
  from space 67072K, 60% used [0x00000007a8180000,0x00000007aa8fae20,0x00000007ac300000)
  to   space 67072K, 0% used [0x00000007b7e00000,0x00000007b7e00000,0x00000007bbf80000)
 ParOldGen       total 417280K, used 184983K [0x00000006c0000000, 0x00000006d9780000, 0x000000076ab00000)
  object space 417280K, 44% used [0x00000006c0000000,0x00000006cb4a5d60,0x00000006d9780000)
 Metaspace       used 81777K, capacity 83474K, committed 83880K, reserved 1122304K
  class space    used 10332K, capacity 10851K, committed 10928K, reserved 1048576K
}
Event: 88.030 GC heap before
{Heap before GC invocations=19 (full 3):
 PSYoungGen      total 1073152K, used 1046507K [0x000000076ab00000, 0x00000007bbf80000, 0x00000007c0000000)
  eden space 1006080K, 100% used [0x000000076ab00000,0x00000007a8180000,0x00000007a8180000)
  from space 67072K, 60% used [0x00000007a8180000,0x00000007aa8fae20,0x00000007ac300000)
  to   space 67072K, 0% used [0x00000007b7e00000,0x00000007b7e00000,0x00000007bbf80000)
 ParOldGen       total 417280K, used 184983K [0x00000006c0000000, 0x00000006d9780000, 0x000000076ab00000)
  object space 417280K, 44% used [0x00000006c0000000,0x00000006cb4a5d60,0x00000006d9780000)
 Metaspace       used 90868K, capacity 92728K, committed 93224K, reserved 1130496K
  class space    used 11496K, capacity 12028K, committed 12080K, reserved 1048576K
Event: 88.161 GC heap after
Heap after GC invocations=19 (full 3):
 PSYoungGen      total 1212928K, used 67043K [0x000000076ab00000, 0x00000007c0000000, 0x00000007c0000000)
  eden space 1145856K, 0% used [0x000000076ab00000,0x000000076ab00000,0x00000007b0a00000)
  from space 67072K, 99% used [0x00000007b7e00000,0x00000007bbf78f48,0x00000007bbf80000)
  to   space 118784K, 0% used [0x00000007b0a00000,0x00000007b0a00000,0x00000007b7e00000)
 ParOldGen       total 417280K, used 297712K [0x00000006c0000000, 0x00000006d9780000, 0x000000076ab00000)
  object space 417280K, 71% used [0x00000006c0000000,0x00000006d22bc0c0,0x00000006d9780000)
 Metaspace       used 90868K, capacity 92728K, committed 93224K, reserved 1130496K
  class space    used 11496K, capacity 12028K, committed 12080K, reserved 1048576K
}

